2015-11-10 15:26:56 10fc InnoDB: Warning: Using innodb_additional_mem_pool_size is DEPRECATED. This option may be removed in future releases, together with the option innodb_use_sys_malloc and with the InnoDB's internal memory allocator.
2015-11-10 15:26:56 4348 [Note] InnoDB: Using mutexes to ref count buffer pool pages
2015-11-10 15:26:56 4348 [Note] InnoDB: The InnoDB memory heap is disabled
2015-11-10 15:26:56 4348 [Note] InnoDB: Mutexes and rw_locks use Windows interlocked functions
2015-11-10 15:26:56 4348 [Note] InnoDB: Memory barrier is not used
2015-11-10 15:26:56 4348 [Note] InnoDB: Compressed tables use zlib 1.2.3
2015-11-10 15:26:56 4348 [Note] InnoDB: Not using CPU crc32 instructions
2015-11-10 15:26:56 4348 [Note] InnoDB: Initializing buffer pool, size = 16.0M
2015-11-10 15:26:56 4348 [Note] InnoDB: Completed initialization of buffer pool
2015-11-10 15:26:56 4348 [Note] InnoDB: Highest supported file format is Barracuda.
2015-11-10 15:26:57 4348 [Note] InnoDB: 128 rollback segment(s) are active.
2015-11-10 15:26:57 4348 [Note] InnoDB: Waiting for purge to start
2015-11-10 15:26:57 4348 [Note] InnoDB:  Percona XtraDB (http://www.percona.com) 5.6.26-74.0 started; log sequence number 1835027
2015-11-10 15:26:57 6140 [Note] InnoDB: Dumping buffer pool(s) not yet started
2015-11-10 15:26:57 4348 [Note] Plugin 'FEEDBACK' is disabled.
2015-11-10 15:26:57 4348 [Note] Server socket created on IP: '::'.
2015-11-10 15:26:57 4348 [Note] Event Scheduler: Loaded 0 events
2015-11-10 15:26:57 4348 [Note] C:\xampp\mysql\bin\mysqld.exe: ready for connections.
Version: '10.1.8-MariaDB'  socket: ''  port: 3306  mariadb.org binary distribution
2015-11-10 15:27:11 5152 [Note] C:\xampp\mysql\bin\mysqld.exe: Normal shutdown

2015-11-10 15:27:11 5152 [Note] Event Scheduler: Purging the queue. 0 events
2015-11-10 15:27:11 5732 [Note] InnoDB: FTS optimize thread exiting.
2015-11-10 15:27:11 5152 [Note] InnoDB: Starting shutdown...
2015-11-10 15:27:13 5152 [Note] InnoDB: Shutdown completed; log sequence number 1835037
2015-11-10 15:27:13 5152 [Note] C:\xampp\mysql\bin\mysqld.exe: Shutdown complete

2017-07-13 14:00:12 cec InnoDB: Warning: Using innodb_additional_mem_pool_size is DEPRECATED. This option may be removed in future releases, together with the option innodb_use_sys_malloc and with the InnoDB's internal memory allocator.
2017-07-13 14:00:12 3308 [Note] InnoDB: innodb_empty_free_list_algorithm has been changed to legacy because of small buffer pool size. In order to use backoff, increase buffer pool at least up to 20MB.

2017-07-13 14:00:12 3308 [Note] InnoDB: Using mutexes to ref count buffer pool pages
2017-07-13 14:00:12 3308 [Note] InnoDB: The InnoDB memory heap is disabled
2017-07-13 14:00:12 3308 [Note] InnoDB: Mutexes and rw_locks use Windows interlocked functions
2017-07-13 14:00:12 3308 [Note] InnoDB: _mm_lfence() and _mm_sfence() are used for memory barrier
2017-07-13 14:00:12 3308 [Note] InnoDB: Compressed tables use zlib 1.2.3
2017-07-13 14:00:12 3308 [Note] InnoDB: Using generic crc32 instructions
2017-07-13 14:00:12 3308 [Note] InnoDB: Initializing buffer pool, size = 16.0M
2017-07-13 14:00:12 3308 [Note] InnoDB: Completed initialization of buffer pool
2017-07-13 14:00:12 3308 [Note] InnoDB: Highest supported file format is Barracuda.
2017-07-13 14:00:13 3308 [Note] InnoDB: 128 rollback segment(s) are active.
2017-07-13 14:00:13 3308 [Note] InnoDB: Creating zip_dict and zip_dict_cols system tables.
2017-07-13 14:00:14 3308 [Note] InnoDB: zip_dict and zip_dict_cols system tables created.
2017-07-13 14:00:14 3308 [Note] InnoDB: Waiting for purge to start
2017-07-13 14:00:14 3308 [Note] InnoDB:  Percona XtraDB (http://www.percona.com) 5.6.32-79.0 started; log sequence number 1835037
2017-07-13 14:00:14 1184 [Note] InnoDB: Dumping buffer pool(s) not yet started
2017-07-13 14:00:14 3308 [Note] Plugin 'FEEDBACK' is disabled.
2017-07-13 14:00:14 3308 [Note] Server socket created on IP: '::'.
2017-07-13 14:00:14 3308 [Note] c:\xampp\mysql\bin\mysqld.exe: ready for connections.
Version: '10.1.19-MariaDB'  socket: ''  port: 3306  mariadb.org binary distribution
2017-07-15 20:02:20 a8c InnoDB: Warning: Using innodb_additional_mem_pool_size is DEPRECATED. This option may be removed in future releases, together with the option innodb_use_sys_malloc and with the InnoDB's internal memory allocator.
2017-07-15 20:02:20 2700 [Note] InnoDB: innodb_empty_free_list_algorithm has been changed to legacy because of small buffer pool size. In order to use backoff, increase buffer pool at least up to 20MB.

2017-07-15 20:02:20 2700 [Note] InnoDB: Using mutexes to ref count buffer pool pages
2017-07-15 20:02:20 2700 [Note] InnoDB: The InnoDB memory heap is disabled
2017-07-15 20:02:20 2700 [Note] InnoDB: Mutexes and rw_locks use Windows interlocked functions
2017-07-15 20:02:20 2700 [Note] InnoDB: _mm_lfence() and _mm_sfence() are used for memory barrier
2017-07-15 20:02:20 2700 [Note] InnoDB: Compressed tables use zlib 1.2.3
2017-07-15 20:02:20 2700 [Note] InnoDB: Using generic crc32 instructions
2017-07-15 20:02:20 2700 [Note] InnoDB: Initializing buffer pool, size = 16.0M
2017-07-15 20:02:20 2700 [Note] InnoDB: Completed initialization of buffer pool
2017-07-15 20:02:20 2700 [Note] InnoDB: Highest supported file format is Barracuda.
2017-07-15 20:02:20 2700 [Note] InnoDB: The log sequence numbers 1835037 and 1835037 in ibdata files do not match the log sequence number 3833835 in the ib_logfiles!
2017-07-15 20:02:20 2700 [Note] InnoDB: Database was not shutdown normally!
2017-07-15 20:02:20 2700 [Note] InnoDB: Starting crash recovery.
2017-07-15 20:02:20 2700 [Note] InnoDB: Reading tablespace information from the .ibd files...
2017-07-15 20:02:21 2700 [Note] InnoDB: Restoring possible half-written data pages 
2017-07-15 20:02:21 2700 [Note] InnoDB: from the doublewrite buffer...
2017-07-15 20:02:23 2700 [Note] InnoDB: 128 rollback segment(s) are active.
2017-07-15 20:02:23 2700 [Note] InnoDB: Waiting for purge to start
2017-07-15 20:02:23 2700 [Note] InnoDB:  Percona XtraDB (http://www.percona.com) 5.6.32-79.0 started; log sequence number 3833835
2017-07-15 20:02:23 7120 [Note] InnoDB: Dumping buffer pool(s) not yet started
2017-07-15 20:02:24 2700 [Note] Plugin 'FEEDBACK' is disabled.
2017-07-15 20:02:24 2700 [Note] Server socket created on IP: '::'.
2017-07-15 20:02:24 2700 [ERROR] mysqld.exe: Table '.\mysql\db' is marked as crashed and should be repaired
2017-07-15 20:02:24 2700 [Warning] Checking table:   '.\mysql\db'
2017-07-15 20:02:24 2700 [ERROR] mysql.db: 1 client is using or hasn't closed the table properly
2017-07-15 20:02:24 2700 [ERROR] mysqld.exe: Table '.\mysql\tables_priv' is marked as crashed and should be repaired
2017-07-15 20:02:24 2700 [Warning] Checking table:   '.\mysql\tables_priv'
2017-07-15 20:02:24 2700 [ERROR] mysql.tables_priv: 1 client is using or hasn't closed the table properly
2017-07-15 20:02:24 2700 [ERROR] mysqld.exe: Table '.\mysql\columns_priv' is marked as crashed and should be repaired
2017-07-15 20:02:24 2700 [Warning] Checking table:   '.\mysql\columns_priv'
2017-07-15 20:02:24 2700 [ERROR] mysql.columns_priv: 1 client is using or hasn't closed the table properly
2017-07-15 20:02:24 2700 [ERROR] mysqld.exe: Table '.\mysql\procs_priv' is marked as crashed and should be repaired
2017-07-15 20:02:24 2700 [Warning] Checking table:   '.\mysql\procs_priv'
2017-07-15 20:02:24 2700 [ERROR] mysql.procs_priv: 1 client is using or hasn't closed the table properly
2017-07-15 20:02:24 2700 [Note] c:\xampp\mysql\bin\mysqld.exe: ready for connections.
Version: '10.1.19-MariaDB'  socket: ''  port: 3306  mariadb.org binary distribution
2017-07-16  0:56:11 10264 [Note] InnoDB: Online DDL : Start
2017-07-16  0:56:11 10264 [Note] InnoDB: Online DDL : Start reading clustered index of the table and create temporary files
2017-07-16  0:56:11 10264 [Note] InnoDB: Online DDL : End of reading clustered index of the table and create temporary files
2017-07-16  0:56:11 10264 [Note] InnoDB: Online DDL : Start merge-sorting index `PRIMARY` (1 / 4), estimated cost : 8.0000
2017-07-16  0:56:11 10264 [Note] InnoDB: Online DDL : End of  merge-sorting index `PRIMARY` (1 / 4)
2017-07-16  0:56:11 10264 [Note] InnoDB: Online DDL : Start building index `PRIMARY` (1 / 4), estimated cost : 12.0000
2017-07-16  0:56:11 10264 [Note] InnoDB: Online DDL : End of building index `PRIMARY` (1 / 4)
2017-07-16  0:56:11 10264 [Note] InnoDB: Online DDL : Completed
2017-07-16  0:56:11 10264 [Note] InnoDB: Online DDL : Start merge-sorting index `Id` (2 / 4), estimated cost : 8.0000
2017-07-16  0:56:11 10264 [Note] InnoDB: Online DDL : End of  merge-sorting index `Id` (2 / 4)
2017-07-16  0:56:11 10264 [Note] InnoDB: Online DDL : Start building index `Id` (2 / 4), estimated cost : 12.0000
2017-07-16  0:56:11 10264 [Note] InnoDB: Online DDL : End of building index `Id` (2 / 4)
2017-07-16  0:56:11 10264 [Note] InnoDB: Online DDL : Completed
2017-07-16  0:56:11 10264 [Note] InnoDB: Online DDL : Start merge-sorting index `FK_Staff_asPatient_Patient` (3 / 4), estimated cost : 8.0000
2017-07-16  0:56:11 10264 [Note] InnoDB: Online DDL : End of  merge-sorting index `FK_Staff_asPatient_Patient` (3 / 4)
2017-07-16  0:56:11 10264 [Note] InnoDB: Online DDL : Start building index `FK_Staff_asPatient_Patient` (3 / 4), estimated cost : 12.0000
2017-07-16  0:56:11 10264 [Note] InnoDB: Online DDL : End of building index `FK_Staff_asPatient_Patient` (3 / 4)
2017-07-16  0:56:11 10264 [Note] InnoDB: Online DDL : Completed
2017-07-16  0:56:11 10264 [Note] InnoDB: Online DDL : Start merge-sorting index `FK_Staff_employeeType_EmployeeType` (4 / 4), estimated cost : 8.0000
2017-07-16  0:56:11 10264 [Note] InnoDB: Online DDL : End of  merge-sorting index `FK_Staff_employeeType_EmployeeType` (4 / 4)
2017-07-16  0:56:11 10264 [Note] InnoDB: Online DDL : Start building index `FK_Staff_employeeType_EmployeeType` (4 / 4), estimated cost : 12.0000
2017-07-16  0:56:11 10264 [Note] InnoDB: Online DDL : End of building index `FK_Staff_employeeType_EmployeeType` (4 / 4)
2017-07-16  0:56:11 10264 [Note] InnoDB: Online DDL : Completed
